2024-11-01 07:10:45,739 [INFO] Activator:176 - 


2024-11-01 07:10:45,744 [INFO] Activator:177 - !SESSION log4j initialized
2024-11-01 07:10:49,003 [INFO] LogOutputStream:77 - [STDOUT_REDIRECT] 
2024-11-01 07:10:50,582 [INFO] ApplicationProperties:184 - Using Application install path: /home/athul-muralidhar/st/stm32cubeide_1.15.1/plugins/com.st.stm32cube.common.mx_6.12.1.202409122256
2024-11-01 07:10:50,601 [INFO] DbMcusXml:78 - Set database path to: /home/athul-muralidhar/st/stm32cubeide_1.15.1/plugins/com.st.stm32cube.common.mx_6.12.1.202409122256//db//mcu/
2024-11-01 07:10:50,601 [INFO] ApiDb:274 - Set plugin database path to: /home/athul-muralidhar/st/stm32cubeide_1.15.1/plugins/com.st.stm32cube.common.mx_6.12.1.202409122256//db//plugins/boardmanager/
2024-11-01 07:10:50,601 [WARN] ApiDb:259 - Overriding images path with different value:  => /home/athul-muralidhar/st/stm32cubeide_1.15.1/plugins/com.st.stm32cube.common.mx_6.12.1.202409122256//db//plugins/mcufinder/images/
2024-11-01 07:10:50,607 [INFO] ApiDb:250 - Set database path to: /home/athul-muralidhar/.stmcufinder/plugins/mcufinder//mcu/
2024-11-01 07:10:50,609 [INFO] DbMcusAds:125 - Set database path to: /home/athul-muralidhar/.stmcufinder/plugins/mcufinder//mcu/
2024-11-01 07:10:50,611 [INFO] CrossReferenceDbSqlite:203 - Set database path to: /home/athul-muralidhar/.stmcufinder/plugins/mcufinder//mcu/cs/
2024-11-01 07:10:50,732 [INFO] RulesReader:64 - Compatibility file has been processed (297 Rules)
2024-11-01 07:10:50,798 [INFO] DbMcusXml:78 - Set database path to: /home/athul-muralidhar/st/stm32cubeide_1.15.1/plugins/com.st.stm32cube.common.mx_6.12.1.202409122256//db//mcu/
2024-11-01 07:10:50,799 [INFO] ApiDb:274 - Set plugin database path to: /home/athul-muralidhar/st/stm32cubeide_1.15.1/plugins/com.st.stm32cube.common.mx_6.12.1.202409122256//db//plugins/boardmanager/
2024-11-01 07:10:50,799 [INFO] ApiDb:261 - Set plugin images path to: /home/athul-muralidhar/st/stm32cubeide_1.15.1/plugins/com.st.stm32cube.common.mx_6.12.1.202409122256//db//plugins/mcufinder/images/
2024-11-01 07:10:50,799 [WARN] DbFile:41 - Overriding database path with different value: /home/athul-muralidhar/.stmcufinder/plugins/mcufinder/ => /home/athul-muralidhar/.stmcufinder/plugins/mcufinder
2024-11-01 07:10:50,799 [INFO] ApiDb:250 - Set database path to: /home/athul-muralidhar/.stmcufinder/plugins/mcufinder//mcu/
2024-11-01 07:10:50,799 [WARN] DbFile:41 - Overriding database path with different value: /home/athul-muralidhar/.stmcufinder/plugins/mcufinder/ => /home/athul-muralidhar/.stmcufinder/plugins/mcufinder
2024-11-01 07:10:50,799 [INFO] DbMcusAds:125 - Set database path to: /home/athul-muralidhar/.stmcufinder/plugins/mcufinder//mcu/
2024-11-01 07:10:50,799 [WARN] DbFile:41 - Overriding database path with different value: /home/athul-muralidhar/.stmcufinder/plugins/mcufinder/ => /home/athul-muralidhar/.stmcufinder/plugins/mcufinder
2024-11-01 07:10:50,800 [WARN] DbFile:41 - Overriding database path with different value: /home/athul-muralidhar/.stmcufinder/plugins/mcufinder/ => /home/athul-muralidhar/.stmcufinder/plugins/mcufinder
2024-11-01 07:10:50,800 [INFO] CrossReferenceDbSqlite:203 - Set database path to: /home/athul-muralidhar/.stmcufinder/plugins/mcufinder//mcu/cs/
2024-11-01 07:10:50,869 [INFO] MainPanel:268 - HeapMemory: 268435456
2024-11-01 07:10:50,976 [INFO] DbMcusXml:78 - Set database path to: /home/athul-muralidhar/st/stm32cubeide_1.15.1/plugins/com.st.stm32cube.common.mx_6.12.1.202409122256//db//mcu/
2024-11-01 07:10:50,976 [INFO] ApiDb:274 - Set plugin database path to: /home/athul-muralidhar/st/stm32cubeide_1.15.1/plugins/com.st.stm32cube.common.mx_6.12.1.202409122256//db//plugins/boardmanager/
2024-11-01 07:10:50,976 [INFO] ApiDb:261 - Set plugin images path to: /home/athul-muralidhar/st/stm32cubeide_1.15.1/plugins/com.st.stm32cube.common.mx_6.12.1.202409122256//db//plugins/mcufinder/images/
2024-11-01 07:10:50,977 [WARN] DbFile:41 - Overriding database path with different value: /home/athul-muralidhar/.stmcufinder/plugins/mcufinder/ => /home/athul-muralidhar/.stmcufinder/plugins/mcufinder
2024-11-01 07:10:50,977 [INFO] ApiDb:250 - Set database path to: /home/athul-muralidhar/.stmcufinder/plugins/mcufinder//mcu/
2024-11-01 07:10:50,977 [WARN] DbFile:41 - Overriding database path with different value: /home/athul-muralidhar/.stmcufinder/plugins/mcufinder/ => /home/athul-muralidhar/.stmcufinder/plugins/mcufinder
2024-11-01 07:10:50,977 [INFO] DbMcusAds:125 - Set database path to: /home/athul-muralidhar/.stmcufinder/plugins/mcufinder//mcu/
2024-11-01 07:10:50,977 [WARN] DbFile:41 - Overriding database path with different value: /home/athul-muralidhar/.stmcufinder/plugins/mcufinder/ => /home/athul-muralidhar/.stmcufinder/plugins/mcufinder
2024-11-01 07:10:50,977 [WARN] DbFile:41 - Overriding database path with different value: /home/athul-muralidhar/.stmcufinder/plugins/mcufinder/ => /home/athul-muralidhar/.stmcufinder/plugins/mcufinder
2024-11-01 07:10:50,977 [INFO] CrossReferenceDbSqlite:203 - Set database path to: /home/athul-muralidhar/.stmcufinder/plugins/mcufinder//mcu/cs/
2024-11-01 07:10:50,991 [INFO] ApplicationProperties:184 - Using Application install path: /home/athul-muralidhar/st/stm32cubeide_1.15.1/plugins/com.st.stm32cube.common.mx_6.12.1.202409122256
2024-11-01 07:10:50,992 [INFO] PluginManage:196 - Search for loadable plugins [exclusion list=, ]
2024-11-01 07:10:50,993 [INFO] PluginManage:310 - Check plugin analytics
2024-11-01 07:10:51,110 [INFO] AnalyticsPlugin:253 - Accepted Software Licenses: STM32CubeMX.6.11.1
2024-11-01 07:10:51,110 [INFO] AnalyticsPlugin:255 - Accepted CMSIS Pack Licenses: 
2024-11-01 07:10:51,111 [INFO] AnalyticsPlugin:257 - Accepted Firmware Licenses: FW.F4.1.28.0
2024-11-01 07:10:51,113 [INFO] PluginManage:359 - Loaded plugin analytics (category:tool,tabindex:-1)
2024-11-01 07:10:51,113 [INFO] PluginManage:310 - Check plugin cadmodel
2024-11-01 07:10:51,118 [INFO] CADModel:105 - Init CAD model plugin
2024-11-01 07:10:51,118 [INFO] PluginManage:359 - Loaded plugin cadmodel (category:power,tabindex:5)
2024-11-01 07:10:51,118 [INFO] PluginManage:310 - Check plugin clock
2024-11-01 07:10:51,128 [INFO] PluginManage:359 - Loaded plugin clock (category:base,tabindex:2)
2024-11-01 07:10:51,128 [INFO] PluginManage:310 - Check plugin ddr
2024-11-01 07:10:51,130 [INFO] PluginManage:359 - Loaded plugin ddr (category:tool,tabindex:6)
2024-11-01 07:10:51,130 [INFO] PluginManage:310 - Check plugin filemanager
2024-11-01 07:10:51,270 [INFO] PluginManage:359 - Loaded plugin filemanager (category:base,tabindex:10)
2024-11-01 07:10:51,271 [INFO] PluginManage:310 - Check plugin ipmanager
2024-11-01 07:10:51,281 [INFO] PluginManage:359 - Loaded plugin ipmanager (category:base,tabindex:5)
2024-11-01 07:10:51,282 [INFO] PluginManage:310 - Check plugin lpbam
2024-11-01 07:10:51,292 [INFO] PluginManage:359 - Loaded plugin lpbam (category:base,tabindex:0)
2024-11-01 07:10:51,292 [INFO] PluginManage:310 - Check plugin memorymap
2024-11-01 07:10:51,308 [INFO] PluginManage:359 - Loaded plugin memorymap (category:base,tabindex:4)
2024-11-01 07:10:51,308 [INFO] PluginManage:310 - Check plugin pinoutandconfiguration
2024-11-01 07:10:51,317 [INFO] PluginManage:359 - Loaded plugin pinoutandconfiguration (category:base,tabindex:1)
2024-11-01 07:10:51,317 [INFO] PluginManage:310 - Check plugin pinoutconfig
2024-11-01 07:10:51,399 [WARN] SupportedApi:132 - Cannot load RTOS API schema: s4s-elt-must-match.1: The content of 'definitions' must match (annotation?, (simpleType | complexType)?, (unique | key | keyref)*)). A problem was found starting at: attribute.
2024-11-01 07:10:51,514 [INFO] PluginManage:359 - Loaded plugin pinoutconfig (category:base,tabindex:0)
2024-11-01 07:10:51,514 [INFO] PluginManage:310 - Check plugin power
2024-11-01 07:10:51,522 [INFO] PluginManage:359 - Loaded plugin power (category:power,tabindex:4)
2024-11-01 07:10:51,523 [INFO] PluginManage:310 - Check plugin projectmanager
2024-11-01 07:10:51,540 [INFO] PluginManage:359 - Loaded plugin projectmanager (category:projectmanager,tabindex:4)
2024-11-01 07:10:51,540 [INFO] PluginManage:310 - Check plugin rif
2024-11-01 07:10:51,546 [INFO] PluginManage:359 - Loaded plugin rif (category:base,tabindex:3)
2024-11-01 07:10:51,546 [INFO] PluginManage:310 - Check plugin thirdparty
2024-11-01 07:10:51,663 [INFO] PluginManage:359 - Loaded plugin thirdparty (category:base,tabindex:-1)
2024-11-01 07:10:51,663 [WARN] IntegrityCheckThread:84 - waiting for thirdparty lock release [integrity check]
2024-11-01 07:10:51,663 [INFO] PluginManage:310 - Check plugin tools
2024-11-01 07:10:51,663 [INFO] IntegrityCheckThread:86 - entering critical section [integrity check]
2024-11-01 07:10:51,664 [INFO] ThirdPartyUpdaterWithRetryManager:70 - Updater plugin not ready yet. [1/15]
2024-11-01 07:10:51,665 [INFO] PluginManage:359 - Loaded plugin tools (category:base,tabindex:7)
2024-11-01 07:10:51,666 [INFO] PluginManage:310 - Check plugin tutovideos
2024-11-01 07:10:51,835 [INFO] PluginManage:359 - Loaded plugin tutovideos (category:base,tabindex:-1)
2024-11-01 07:10:51,835 [INFO] PluginManage:310 - Check plugin updater
2024-11-01 07:10:51,855 [INFO] PluginManage:359 - Loaded plugin updater (category:base,tabindex:12)
2024-11-01 07:10:51,855 [INFO] PluginManage:310 - Check plugin userauth
2024-11-01 07:10:51,861 [INFO] UserAuth:113 - Init User Auth plugin
2024-11-01 07:10:51,861 [INFO] PluginManage:359 - Loaded plugin userauth (category:base,tabindex:14)
2024-11-01 07:10:51,861 [INFO] PluginManage:283 - PluginManage : Loaded plugins [18]
2024-11-01 07:10:52,007 [INFO] PinOutPanel:1561 - setPackage(No Configuration,No Configuration)
2024-11-01 07:10:52,071 [INFO] CADModel:165 - CPN selected for project level
2024-11-01 07:10:52,072 [INFO] CADModel:114 - Register for checkConnection events
2024-11-01 07:10:52,083 [INFO] IPUIPlugin:80 - create IPUIPlugin
2024-11-01 07:10:52,084 [INFO] PluginManager:220 - loadIPPluginJar : add linkedlist
2024-11-01 07:10:52,086 [INFO] IPUIPlugin:80 - create IPUIPlugin
2024-11-01 07:10:52,086 [INFO] PluginManager:220 - loadIPPluginJar : add fatfs
2024-11-01 07:10:52,088 [INFO] IPUIPlugin:80 - create IPUIPlugin
2024-11-01 07:10:52,088 [INFO] PluginManager:220 - loadIPPluginJar : add tracer_emb
2024-11-01 07:10:52,095 [INFO] IPUIPlugin:80 - create IPUIPlugin
2024-11-01 07:10:52,095 [INFO] PluginManager:220 - loadIPPluginJar : add stm32_wpan
2024-11-01 07:10:52,097 [INFO] IPUIPlugin:80 - create IPUIPlugin
2024-11-01 07:10:52,098 [INFO] PluginManager:220 - loadIPPluginJar : add touchsensing
2024-11-01 07:10:52,099 [INFO] IPUIPlugin:80 - create IPUIPlugin
2024-11-01 07:10:52,099 [INFO] PluginManager:220 - loadIPPluginJar : add i2s
2024-11-01 07:10:52,101 [INFO] IPUIPlugin:80 - create IPUIPlugin
2024-11-01 07:10:52,101 [INFO] PluginManager:220 - loadIPPluginJar : add dfsdm
2024-11-01 07:10:52,103 [INFO] IPUIPlugin:80 - create IPUIPlugin
2024-11-01 07:10:52,103 [INFO] PluginManager:220 - loadIPPluginJar : add resmgrutility
2024-11-01 07:10:52,105 [INFO] IPUIPlugin:80 - create IPUIPlugin
2024-11-01 07:10:52,105 [INFO] PluginManager:220 - loadIPPluginJar : add pdm2pcm
2024-11-01 07:10:52,106 [INFO] IPUIPlugin:80 - create IPUIPlugin
2024-11-01 07:10:52,106 [INFO] PluginManager:220 - loadIPPluginJar : add tim
2024-11-01 07:10:52,107 [INFO] IPUIPlugin:80 - create IPUIPlugin
2024-11-01 07:10:52,107 [INFO] PluginManager:220 - loadIPPluginJar : add lorawan
2024-11-01 07:10:52,110 [INFO] IPUIPlugin:80 - create IPUIPlugin
2024-11-01 07:10:52,110 [INFO] PluginManager:220 - loadIPPluginJar : add fmc
2024-11-01 07:10:52,112 [INFO] IPUIPlugin:80 - create IPUIPlugin
2024-11-01 07:10:52,112 [INFO] PluginManager:220 - loadIPPluginJar : add can
2024-11-01 07:10:52,113 [INFO] IPUIPlugin:80 - create IPUIPlugin
2024-11-01 07:10:52,113 [INFO] PluginManager:220 - loadIPPluginJar : add usbx
2024-11-01 07:10:52,114 [INFO] IPUIPlugin:80 - create IPUIPlugin
2024-11-01 07:10:52,114 [INFO] PluginManager:220 - loadIPPluginJar : add ltdc
2024-11-01 07:10:52,115 [INFO] IPUIPlugin:80 - create IPUIPlugin
2024-11-01 07:10:52,115 [INFO] PluginManager:220 - loadIPPluginJar : add ts
2024-11-01 07:10:52,117 [INFO] IPUIPlugin:80 - create IPUIPlugin
2024-11-01 07:10:52,117 [INFO] PluginManager:220 - loadIPPluginJar : add openamp
2024-11-01 07:10:52,118 [INFO] IPUIPlugin:80 - create IPUIPlugin
2024-11-01 07:10:52,118 [INFO] PluginManager:220 - loadIPPluginJar : add tsc
2024-11-01 07:10:52,119 [INFO] IPUIPlugin:80 - create IPUIPlugin
2024-11-01 07:10:52,119 [INFO] PluginManager:220 - loadIPPluginJar : add i2c
2024-11-01 07:10:52,120 [INFO] IPUIPlugin:80 - create IPUIPlugin
2024-11-01 07:10:52,120 [INFO] PluginManager:220 - loadIPPluginJar : add genericplugin
2024-11-01 07:10:52,121 [INFO] IPUIPlugin:80 - create IPUIPlugin
2024-11-01 07:10:52,121 [INFO] PluginManager:220 - loadIPPluginJar : add spi
2024-11-01 07:10:52,124 [INFO] IPUIPlugin:80 - create IPUIPlugin
2024-11-01 07:10:52,124 [INFO] PluginManager:220 - loadIPPluginJar : add nvic
2024-11-01 07:10:52,126 [INFO] IPUIPlugin:80 - create IPUIPlugin
2024-11-01 07:10:52,126 [INFO] PluginManager:220 - loadIPPluginJar : add ucpd
2024-11-01 07:10:52,130 [INFO] IPUIPlugin:80 - create IPUIPlugin
2024-11-01 07:10:52,130 [INFO] PluginManager:220 - loadIPPluginJar : add gic
2024-11-01 07:10:52,131 [INFO] IPUIPlugin:80 - create IPUIPlugin
2024-11-01 07:10:52,132 [INFO] PluginManager:220 - loadIPPluginJar : add dma3
2024-11-01 07:10:52,133 [INFO] IPUIPlugin:80 - create IPUIPlugin
2024-11-01 07:10:52,134 [INFO] PluginManager:220 - loadIPPluginJar : add radio
2024-11-01 07:10:52,138 [INFO] IPUIPlugin:80 - create IPUIPlugin
2024-11-01 07:10:52,138 [INFO] PluginManager:220 - loadIPPluginJar : add adc
2024-11-01 07:10:52,143 [INFO] IPUIPlugin:80 - create IPUIPlugin
2024-11-01 07:10:52,143 [INFO] PluginManager:220 - loadIPPluginJar : add mdma
2024-11-01 07:10:52,145 [INFO] IPUIPlugin:80 - create IPUIPlugin
2024-11-01 07:10:52,145 [INFO] PluginManager:220 - loadIPPluginJar : add gtzc
2024-11-01 07:10:52,146 [INFO] IPUIPlugin:80 - create IPUIPlugin
2024-11-01 07:10:52,146 [INFO] PluginManager:220 - loadIPPluginJar : add quadspi
2024-11-01 07:10:52,147 [INFO] IPUIPlugin:80 - create IPUIPlugin
2024-11-01 07:10:52,147 [INFO] PluginManager:220 - loadIPPluginJar : add extmemmanager
2024-11-01 07:10:52,149 [INFO] IPUIPlugin:80 - create IPUIPlugin
2024-11-01 07:10:52,149 [INFO] PluginManager:220 - loadIPPluginJar : add usart
2024-11-01 07:10:52,150 [INFO] IPUIPlugin:80 - create IPUIPlugin
2024-11-01 07:10:52,150 [INFO] PluginManager:220 - loadIPPluginJar : add opamp
2024-11-01 07:10:52,152 [INFO] IPUIPlugin:80 - create IPUIPlugin
2024-11-01 07:10:52,152 [INFO] PluginManager:220 - loadIPPluginJar : add i3c
2024-11-01 07:10:52,158 [INFO] IPUIPlugin:80 - create IPUIPlugin
2024-11-01 07:10:52,160 [INFO] PluginManager:220 - loadIPPluginJar : add plateformsettings
2024-11-01 07:10:52,162 [INFO] IPUIPlugin:80 - create IPUIPlugin
2024-11-01 07:10:52,162 [INFO] PluginManager:220 - loadIPPluginJar : add ipddr
2024-11-01 07:10:52,164 [INFO] IPUIPlugin:80 - create IPUIPlugin
2024-11-01 07:10:52,164 [INFO] PluginManager:220 - loadIPPluginJar : add sai
2024-11-01 07:10:52,165 [INFO] IPUIPlugin:80 - create IPUIPlugin
2024-11-01 07:10:52,165 [INFO] PluginManager:220 - loadIPPluginJar : add comp
2024-11-01 07:10:52,166 [INFO] IPUIPlugin:80 - create IPUIPlugin
2024-11-01 07:10:52,166 [INFO] PluginManager:220 - loadIPPluginJar : add hash
2024-11-01 07:10:52,170 [INFO] IPUIPlugin:80 - create IPUIPlugin
2024-11-01 07:10:52,171 [INFO] PluginManager:220 - loadIPPluginJar : add dma
2024-11-01 07:10:52,172 [INFO] IPUIPlugin:80 - create IPUIPlugin
2024-11-01 07:10:52,173 [INFO] PluginManager:220 - loadIPPluginJar : add ddr_ctrl_phy
2024-11-01 07:10:52,174 [INFO] IPUIPlugin:80 - create IPUIPlugin
2024-11-01 07:10:52,174 [INFO] PluginManager:220 - loadIPPluginJar : add aes
2024-11-01 07:10:52,178 [INFO] IPUIPlugin:80 - create IPUIPlugin
2024-11-01 07:10:52,178 [INFO] PluginManager:220 - loadIPPluginJar : add freertos
2024-11-01 07:10:52,181 [INFO] IPUIPlugin:80 - create IPUIPlugin
2024-11-01 07:10:52,181 [INFO] PluginManager:220 - loadIPPluginJar : add gpio
2024-11-01 07:10:52,182 [INFO] IPUIPlugin:80 - create IPUIPlugin
2024-11-01 07:10:52,182 [INFO] PluginManager:220 - loadIPPluginJar : add cryp
2024-11-01 07:10:52,183 [INFO] IPUIPlugin:80 - create IPUIPlugin
2024-11-01 07:10:52,184 [INFO] PluginManager:220 - loadIPPluginJar : add gfxmmu
2024-11-01 07:10:52,279 [INFO] CADModel:165 - CPN selected for project level
2024-11-01 07:10:52,279 [INFO] CADModel:114 - Register for checkConnection events
2024-11-01 07:10:52,280 [FATAL] Updater:334 - Updater called before beeing initialized
2024-11-01 07:10:52,280 [ERROR] CADModel:125 - Updater not yet initialized, retry later 
2024-11-01 07:10:52,375 [INFO] CADModel:165 - CPN selected for project level
2024-11-01 07:10:52,375 [INFO] CADModel:114 - Register for checkConnection events
2024-11-01 07:10:52,375 [FATAL] Updater:334 - Updater called before beeing initialized
2024-11-01 07:10:52,375 [ERROR] CADModel:125 - Updater not yet initialized, retry later 
2024-11-01 07:10:52,378 [FATAL] Updater:334 - Updater called before beeing initialized
2024-11-01 07:10:52,466 [FATAL] Updater:334 - Updater called before beeing initialized
2024-11-01 07:10:52,471 [INFO] DbMcusAds:53 - JSON generation date=Fri Sep 20 15:04:38 CEST 2024 (1726837478367)
2024-11-01 07:10:52,471 [FATAL] Updater:334 - Updater called before beeing initialized
2024-11-01 07:10:52,519 [WARN] DetailPanel:346 - Failed to get advertising image, set to default
2024-11-01 07:10:52,619 [FATAL] Updater:334 - Updater called before beeing initialized
2024-11-01 07:10:52,620 [FATAL] Updater:334 - Updater called before beeing initialized
2024-11-01 07:10:52,621 [FATAL] Updater:334 - Updater called before beeing initialized
2024-11-01 07:10:52,621 [WARN] DetailPanel:346 - Failed to get advertising image, set to default
2024-11-01 07:10:52,621 [FATAL] Updater:334 - Updater called before beeing initialized
2024-11-01 07:10:52,652 [ERROR] Updater:1164 - MainUpdater not yet initialized. External WinMGr cannot be set.
2024-11-01 07:10:52,655 [INFO] Updater:1100 - Updater Version found : 6.12.1
2024-11-01 07:10:52,674 [INFO] ApplicationProperties:184 - Using Application install path: /home/athul-muralidhar/st/stm32cubeide_1.15.1/plugins/com.st.stm32cube.common.mx_6.12.1.202409122256
2024-11-01 07:10:54,345 [INFO] MainUpdater:2873 - connection check result : 10
2024-11-01 07:10:54,345 [INFO] MainUpdater:290 - Updater Check For Update Now.
2024-11-01 07:10:54,345 [INFO] MicroXplorer:498 - Change Database Version : DB.6.0.121
2024-11-01 07:10:54,349 [INFO] McuFinderGlobals:63 - Set McuFinder mode to 2 (CubeIDE integrated)
2024-11-01 07:10:54,352 [INFO] UserAuth:417 - Internet connection configuration mode: 1
2024-11-01 07:10:54,365 [INFO] JxBrowserEngine:152 - Initiate JxBrowser Engine with user profile folder
2024-11-01 07:10:54,505 [INFO] CheckServerUpdateThread:120 - End of CheckServer Thread
2024-11-01 07:10:54,779 [WARN] PackLoader:240 - Cannot read IP mode file for STMicroelectronics.FP-SNS-MOTENVWB1.1.4.0
2024-11-01 07:10:54,789 [WARN] PackLoader:240 - Cannot read IP mode file for STMicroelectronics.X-CUBE-SMBUS.2.1.0
2024-11-01 07:10:54,800 [WARN] PackLoader:240 - Cannot read IP mode file for STMicroelectronics.X-CUBE-WB05N.1.1.0
2024-11-01 07:10:54,805 [WARN] PackLoader:240 - Cannot read IP mode file for STMicroelectronics.X-CUBE-TOUCHGFX.4.23.2
2024-11-01 07:10:54,837 [WARN] PackLoader:240 - Cannot read IP mode file for STMicroelectronics.X-CUBE-AZRTOS-F7.1.1.0
2024-11-01 07:10:54,944 [WARN] PackLoader:240 - Cannot read IP mode file for STMicroelectronics.X-CUBE-MEMS1.11.0.0
2024-11-01 07:10:55,308 [WARN] PackLoader:240 - Cannot read IP mode file for STMicroelectronics.FP-SNS-FLIGHT1.5.0.2
2024-11-01 07:10:55,326 [WARN] PackLoader:240 - Cannot read IP mode file for STMicroelectronics.X-CUBE-DISPLAY.3.0.0
2024-11-01 07:10:55,346 [WARN] PackLoader:240 - Cannot read IP mode file for STMicroelectronics.X-CUBE-BLE1.7.0.0
2024-11-01 07:10:55,363 [WARN] PackLoader:240 - Cannot read IP mode file for STMicroelectronics.X-CUBE-NFC10.1.0.0
2024-11-01 07:10:55,379 [WARN] PackLoader:240 - Cannot read IP mode file for emotas.I-CUBE-CANOPEN.1.3.0
2024-11-01 07:10:55,429 [WARN] PackLoader:240 - Cannot read IP mode file for STMicroelectronics.X-CUBE-BLEMGR.3.1.0
2024-11-01 07:10:55,458 [WARN] PackLoader:240 - Cannot read IP mode file for STMicroelectronics.FP-SNS-SMARTAG2.1.2.0
2024-11-01 07:10:55,473 [INFO] LogOutputStream:77 - [STDOUT_REDIRECT] 1 : Invalid condition id : UX_CORESTACK_Condition cause : null
2024-11-01 07:10:55,474 [INFO] LogOutputStream:77 - [STDOUT_REDIRECT] 1 : Invalid condition id : UX_CORESTACK_Condition cause : null
2024-11-01 07:10:55,475 [INFO] LogOutputStream:77 - [STDOUT_REDIRECT] 1 : Invalid condition id : UX_CORESTACK_Condition cause : null
2024-11-01 07:10:55,475 [INFO] LogOutputStream:77 - [STDOUT_REDIRECT] 1 : Invalid condition id : UX_CORESTACK_Condition cause : null
2024-11-01 07:10:55,476 [INFO] LogOutputStream:77 - [STDOUT_REDIRECT] 1 : Invalid condition id : UX_CORESTACK_Condition cause : null
2024-11-01 07:10:55,486 [WARN] PackLoader:240 - Cannot read IP mode file for STMicroelectronics.X-CUBE-AZRTOS-WL.2.0.0
2024-11-01 07:10:55,493 [WARN] PackLoader:240 - Cannot read IP mode file for STMicroelectronics.FP-SNS-MOTENV1.5.0.0
2024-11-01 07:10:55,500 [WARN] PackLoader:240 - Cannot read IP mode file for wolfSSL.I-CUBE-wolfMQTT.1.19.0
2024-11-01 07:10:55,509 [WARN] PackLoader:240 - Cannot read IP mode file for WES.I-CUBE-Cesium.1.3.0
2024-11-01 07:10:55,515 [WARN] PackLoader:240 - Cannot read IP mode file for STMicroelectronics.X-CUBE-BLE2.3.3.0
2024-11-01 07:10:55,524 [WARN] PackLoader:240 - Cannot read IP mode file for STMicroelectronics.X-CUBE-NFC9.1.0.0
2024-11-01 07:10:55,535 [WARN] PackLoader:240 - Cannot read IP mode file for STMicroelectronics.X-CUBE-TCPP.4.1.0
2024-11-01 07:10:55,555 [INFO] WebApp:167 - Instantiating new browser for Auth
2024-11-01 07:10:55,569 [WARN] PackLoader:240 - Cannot read IP mode file for STMicroelectronics.X-CUBE-AZRTOS-G0.1.1.0
2024-11-01 07:10:55,584 [WARN] PackLoader:240 - Cannot read IP mode file for STMicroelectronics.X-CUBE-SAFEA1.1.2.2
2024-11-01 07:10:55,595 [WARN] PackLoader:240 - Cannot read IP mode file for STMicroelectronics.X-CUBE-NFC4.3.0.0
2024-11-01 07:10:55,613 [WARN] PackLoader:240 - Cannot read IP mode file for EmbeddedOffice.I-CUBE-FS-RTOS.1.0.1
2024-11-01 07:10:55,614 [ERROR] ConditionMgr:805 - Attr not supported : Dmpu
2024-11-01 07:10:55,614 [ERROR] ConditionMgr:805 - Attr not supported : Dmpu
2024-11-01 07:10:55,615 [ERROR] ConditionMgr:805 - Attr not supported : Dmpu
2024-11-01 07:10:55,615 [ERROR] ConditionMgr:805 - Attr not supported : Dmpu
2024-11-01 07:10:55,615 [ERROR] ConditionMgr:805 - Attr not supported : Dmpu
2024-11-01 07:10:55,615 [ERROR] ConditionMgr:805 - Attr not supported : Dmpu
2024-11-01 07:10:55,615 [ERROR] ConditionMgr:805 - Attr not supported : Dmpu
2024-11-01 07:10:55,615 [ERROR] ConditionMgr:805 - Attr not supported : Dmpu
2024-11-01 07:10:55,615 [ERROR] ConditionMgr:805 - Attr not supported : Dmpu
2024-11-01 07:10:55,616 [ERROR] ConditionMgr:805 - Attr not supported : Dmpu
2024-11-01 07:10:55,616 [ERROR] ConditionMgr:805 - Attr not supported : Dmpu
2024-11-01 07:10:55,616 [ERROR] ConditionMgr:805 - Attr not supported : Dmpu
2024-11-01 07:10:55,616 [ERROR] ConditionMgr:805 - Attr not supported : Dmpu
2024-11-01 07:10:55,616 [ERROR] ConditionMgr:805 - Attr not supported : Dmpu
2024-11-01 07:10:55,616 [ERROR] ConditionMgr:805 - Attr not supported : Dmpu
2024-11-01 07:10:55,617 [ERROR] ConditionMgr:805 - Attr not supported : Dmpu
2024-11-01 07:10:55,617 [ERROR] ConditionMgr:805 - Attr not supported : Dmpu
2024-11-01 07:10:55,617 [ERROR] ConditionMgr:805 - Attr not supported : Dmpu
2024-11-01 07:10:55,617 [ERROR] ConditionMgr:805 - Attr not supported : Dmpu
2024-11-01 07:10:55,617 [ERROR] ConditionMgr:805 - Attr not supported : Dmpu
2024-11-01 07:10:55,617 [ERROR] ConditionMgr:805 - Attr not supported : Dmpu
2024-11-01 07:10:55,618 [ERROR] ConditionMgr:805 - Attr not supported : Dmpu
2024-11-01 07:10:55,618 [ERROR] ConditionMgr:805 - Attr not supported : Dmpu
2024-11-01 07:10:55,618 [ERROR] ConditionMgr:805 - Attr not supported : Dmpu
2024-11-01 07:10:55,618 [ERROR] ConditionMgr:805 - Attr not supported : Dmpu
2024-11-01 07:10:55,618 [ERROR] ConditionMgr:805 - Attr not supported : Dmpu
2024-11-01 07:10:55,618 [ERROR] ConditionMgr:805 - Attr not supported : Dmpu
2024-11-01 07:10:55,619 [ERROR] ConditionMgr:805 - Attr not supported : Dmpu
2024-11-01 07:10:55,620 [ERROR] ConditionMgr:805 - Attr not supported : Dmpu
2024-11-01 07:10:55,620 [ERROR] ConditionMgr:805 - Attr not supported : Dmpu
2024-11-01 07:10:55,622 [ERROR] ConditionMgr:805 - Attr not supported : Dmpu
2024-11-01 07:10:55,622 [ERROR] ConditionMgr:805 - Attr not supported : Dmpu
2024-11-01 07:10:55,622 [ERROR] ConditionMgr:805 - Attr not supported : Dmpu
2024-11-01 07:10:55,622 [ERROR] ConditionMgr:805 - Attr not supported : Dmpu
2024-11-01 07:10:55,622 [ERROR] ConditionMgr:805 - Attr not supported : Dmpu
2024-11-01 07:10:55,623 [ERROR] ConditionMgr:805 - Attr not supported : Dmpu
2024-11-01 07:10:55,623 [ERROR] ConditionMgr:805 - Attr not supported : Dmpu
2024-11-01 07:10:55,624 [ERROR] ConditionMgr:805 - Attr not supported : Dmpu
2024-11-01 07:10:55,624 [ERROR] ConditionMgr:805 - Attr not supported : Dmpu
2024-11-01 07:10:55,624 [ERROR] ConditionMgr:805 - Attr not supported : Dmpu
2024-11-01 07:10:55,625 [ERROR] ConditionMgr:805 - Attr not supported : Dmpu
2024-11-01 07:10:55,625 [ERROR] ConditionMgr:805 - Attr not supported : Dmpu
2024-11-01 07:10:55,625 [ERROR] ConditionMgr:805 - Attr not supported : Dmpu
2024-11-01 07:10:55,625 [ERROR] ConditionMgr:805 - Attr not supported : Dmpu
2024-11-01 07:10:55,625 [ERROR] ConditionMgr:805 - Attr not supported : Dmpu
2024-11-01 07:10:55,626 [ERROR] ConditionMgr:805 - Attr not supported : Dmpu
2024-11-01 07:10:55,626 [ERROR] ConditionMgr:805 - Attr not supported : Dmpu
2024-11-01 07:10:55,626 [ERROR] ConditionMgr:805 - Attr not supported : Dmpu
2024-11-01 07:10:55,626 [ERROR] ConditionMgr:805 - Attr not supported : Dmpu
2024-11-01 07:10:55,626 [ERROR] ConditionMgr:805 - Attr not supported : Dmpu
2024-11-01 07:10:55,626 [ERROR] ConditionMgr:805 - Attr not supported : Dmpu
2024-11-01 07:10:55,626 [ERROR] ConditionMgr:805 - Attr not supported : Dmpu
2024-11-01 07:10:55,627 [ERROR] ConditionMgr:805 - Attr not supported : Dmpu
2024-11-01 07:10:55,627 [ERROR] ConditionMgr:805 - Attr not supported : Dmpu
2024-11-01 07:10:55,627 [ERROR] ConditionMgr:805 - Attr not supported : Dmpu
2024-11-01 07:10:55,627 [ERROR] ConditionMgr:805 - Attr not supported : Dmpu
2024-11-01 07:10:55,627 [ERROR] ConditionMgr:805 - Attr not supported : Dmpu
2024-11-01 07:10:55,627 [ERROR] ConditionMgr:805 - Attr not supported : Dmpu
2024-11-01 07:10:55,627 [ERROR] ConditionMgr:805 - Attr not supported : Dmpu
2024-11-01 07:10:55,628 [ERROR] ConditionMgr:805 - Attr not supported : Dmpu
2024-11-01 07:10:55,631 [ERROR] ConditionMgr:805 - Attr not supported : Dmpu
2024-11-01 07:10:55,631 [ERROR] ConditionMgr:805 - Attr not supported : Dmpu
2024-11-01 07:10:55,631 [ERROR] ConditionMgr:805 - Attr not supported : Dmpu
2024-11-01 07:10:55,632 [ERROR] ConditionMgr:805 - Attr not supported : Dmpu
2024-11-01 07:10:55,638 [WARN] PackLoader:240 - Cannot read IP mode file for RealThread.X-CUBE-RT-Thread_Nano.4.1.1
2024-11-01 07:10:55,644 [WARN] PackLoader:240 - Cannot read IP mode file for wolfSSL.I-CUBE-wolfSSL.5.7.0
2024-11-01 07:10:55,649 [WARN] PackLoader:240 - Cannot read IP mode file for STMicroelectronics.FP-ATR-SIGFOX1.3.2.0
2024-11-01 07:10:55,659 [WARN] PackLoader:240 - Cannot read IP mode file for STMicroelectronics.X-CUBE-EEPRMA1.5.1.0
2024-11-01 07:10:55,667 [WARN] PackLoader:240 - Cannot read IP mode file for ITTIA_DB.I-CUBE-ITTIADB.8.9.0
2024-11-01 07:10:55,701 [WARN] PackLoader:240 - Cannot read IP mode file for SEGGER.I-CUBE-embOS.1.3.1
2024-11-01 07:10:55,781 [WARN] PackLoader:240 - Cannot read IP mode file for STMicroelectronics.X-CUBE-ALGOBUILD.1.4.0
2024-11-01 07:10:55,787 [WARN] PackLoader:240 - Cannot read IP mode file for STMicroelectronics.X-CUBE-AI.9.1.0
2024-11-01 07:10:55,796 [WARN] PackLoader:240 - Cannot read IP mode file for STMicroelectronics.X-CUBE-GNSS1.6.0.0
2024-11-01 07:10:55,824 [WARN] PackLoader:240 - Cannot read IP mode file for STMicroelectronics.X-CUBE-AZRTOS-F4.1.1.0
2024-11-01 07:10:55,833 [WARN] PackLoader:240 - Cannot read IP mode file for STMicroelectronics.X-CUBE-ISPU.2.1.0
2024-11-01 07:10:55,840 [WARN] PackLoader:240 - Cannot read IP mode file for STMicroelectronics.X-CUBE-FREERTOS.1.2.0
2024-11-01 07:10:55,865 [WARN] PackLoader:240 - Cannot read IP mode file for STMicroelectronics.X-CUBE-AZRTOS-L5.2.0.0
2024-11-01 07:10:55,881 [WARN] PackLoader:240 - Cannot read IP mode file for STMicroelectronics.X-CUBE-NFC6.3.1.0
2024-11-01 07:10:55,891 [WARN] PackLoader:240 - Cannot read IP mode file for STMicroelectronics.X-CUBE-DPower.1.2.0
2024-11-01 07:10:55,896 [WARN] PackLoader:240 - Cannot read IP mode file for STMicroelectronics.X-CUBE-AI.9.0.0
2024-11-01 07:10:55,903 [WARN] PackLoader:240 - Cannot read IP mode file for STMicroelectronics.X-CUBE-NFC7.1.0.1
2024-11-01 07:10:55,909 [WARN] PackLoader:240 - Cannot read IP mode file for wolfSSL.I-CUBE-wolfTPM.3.2.0
2024-11-01 07:10:55,939 [WARN] ConditionMgr:438 - getConditionDescription Invalid condition id : LAN8742 Phy interface Condition cause : null
2024-11-01 07:10:55,941 [WARN] PackLoader:240 - Cannot read IP mode file for STMicroelectronics.X-CUBE-AZRTOS-L4.2.0.0
2024-11-01 07:10:55,943 [WARN] ConditionMgr:1039 - genDependencies : Invalid condition id : LAN8742 Phy interface Condition cause : null
2024-11-01 07:10:55,944 [WARN] ConditionMgr:1039 - genDependencies : Invalid condition id : LAN8742 Phy interface Condition cause : null
2024-11-01 07:10:55,945 [WARN] ConditionMgr:1039 - genDependencies : Invalid condition id : LAN8742 Phy interface Condition cause : null
2024-11-01 07:10:55,957 [WARN] PackLoader:240 - Cannot read IP mode file for STMicroelectronics.X-CUBE-SFXS2LP1.4.0.0
2024-11-01 07:10:55,990 [WARN] PackLoader:240 - Cannot read IP mode file for STMicroelectronics.X-CUBE-AZRTOS-H7.3.3.0
2024-11-01 07:10:56,014 [WARN] PackLoader:240 - Cannot read IP mode file for STMicroelectronics.X-CUBE-IPS.3.0.0
2024-11-01 07:10:56,038 [WARN] ConditionMgr:438 - getConditionDescription Invalid condition id : UX DEVICE CLASS RTOS Condition cause : null
2024-11-01 07:10:56,039 [WARN] ConditionMgr:438 - getConditionDescription Invalid condition id : UX DEVICE CLASS RTOS Condition cause : null
2024-11-01 07:10:56,042 [WARN] PackLoader:240 - Cannot read IP mode file for STMicroelectronics.X-CUBE-AZRTOS-WB.2.0.0
2024-11-01 07:10:56,043 [WARN] ConditionMgr:1039 - genDependencies : Invalid condition id : UX DEVICE CLASS RTOS Condition cause : null
2024-11-01 07:10:56,043 [WARN] ConditionMgr:1039 - genDependencies : Invalid condition id : UX DEVICE CLASS RTOS Condition cause : null
2024-11-01 07:10:56,044 [WARN] ConditionMgr:1039 - genDependencies : Invalid condition id : UX DEVICE CLASS RTOS Condition cause : null
2024-11-01 07:10:56,045 [WARN] ConditionMgr:1039 - genDependencies : Invalid condition id : UX DEVICE CLASS RTOS Condition cause : null
2024-11-01 07:10:56,045 [WARN] ConditionMgr:1039 - genDependencies : Invalid condition id : UX DEVICE CLASS RTOS Condition cause : null
2024-11-01 07:10:56,052 [WARN] PackLoader:240 - Cannot read IP mode file for STMicroelectronics.X-CUBE-GNSS1.7.0.0
2024-11-01 07:10:56,062 [WARN] PackLoader:240 - Cannot read IP mode file for STMicroelectronics.FP-SNS-STBOX1.2.0.0
2024-11-01 07:10:56,087 [WARN] PackLoader:240 - Cannot read IP mode file for STMicroelectronics.X-CUBE-SUBG2.5.0.0
2024-11-01 07:10:56,100 [WARN] PackLoader:240 - Cannot read IP mode file for Cesanta.I-CUBE-Mongoose.7.13.0
2024-11-01 07:10:56,119 [WARN] PackLoader:240 - Cannot read IP mode file for STMicroelectronics.X-CUBE-AZRTOS-G4.2.0.0
2024-11-01 07:10:56,128 [WARN] PackLoader:240 - Cannot read IP mode file for STMicroelectronics.X-CUBE-ISPU.2.0.0
2024-11-01 07:10:56,134 [WARN] PackLoader:240 - Cannot read IP mode file for STMicroelectronics.X-CUBE-ALS.1.0.2
2024-11-01 07:10:56,205 [WARN] PackLoader:240 - Cannot read IP mode file for STMicroelectronics.X-CUBE-MEMS1.10.0.0
2024-11-01 07:10:56,425 [WARN] PackLoader:240 - Cannot read IP mode file for STMicroelectronics.X-CUBE-TOUCHGFX.4.24.0
2024-11-01 07:10:56,428 [WARN] PackLoader:240 - Cannot read IP mode file for STMicroelectronics.X-CUBE-TOUCHGFX.4.24.1
2024-11-01 07:10:56,435 [WARN] PackLoader:240 - Cannot read IP mode file for portGmbH.I-Cube-SoM-uGOAL.1.1.0
2024-11-01 07:10:56,440 [WARN] PackLoader:240 - Cannot read IP mode file for STMicroelectronics.X-CUBE-ALS.1.0.1
2024-11-01 07:10:56,466 [WARN] PackLoader:240 - Cannot read IP mode file for STMicroelectronics.X-CUBE-AZRTOS-H7RS.1.0.0
2024-11-01 07:10:56,476 [WARN] PackLoader:240 - Cannot read IP mode file for STMicroelectronics.FP-ATR-ASTRA1.2.0.0
2024-11-01 07:10:56,491 [WARN] PackLoader:240 - Cannot read IP mode file for STMicroelectronics.X-CUBE-TOF1.3.4.2
2024-11-01 07:10:56,525 [WARN] PackLoader:240 - Cannot read IP mode file for STMicroelectronics.X-CUBE-TOF1.3.4.1
2024-11-01 07:10:56,568 [WARN] PackLoader:240 - Cannot read IP mode file for STMicroelectronics.X-CUBE-AZRTOS-H7.3.2.0
2024-11-01 07:10:56,591 [WARN] PackLoader:240 - Cannot read IP mode file for Infineon.AIROC-Wi-Fi-Bluetooth-STM32.1.6.0
2024-11-01 07:10:56,600 [WARN] PackLoader:240 - Cannot read IP mode file for wolfSSL.I-CUBE-wolfSSH.1.4.17
2024-11-01 07:10:56,601 [INFO] ThirdParty:978 - Integrity check success = true
2024-11-01 07:10:56,601 [INFO] IntegrityCheckThread:100 - exiting critical section [integrity check]
2024-11-01 07:10:56,601 [INFO] IntegrityCheckThread:103 - End integrity checks thread
2024-11-01 07:10:56,914 [INFO] WebApp:448 - Apply proxy settings
2024-11-01 07:10:56,914 [INFO] WebApp:533 - Chromium requires no authentication
2024-11-01 07:10:56,924 [INFO] WebApp:476 - Direct internet connection detected
2024-11-01 07:10:56,951 [INFO] WebApp:869 - Register for checkConnection events
2024-11-01 07:10:56,952 [INFO] WebApp:448 - Apply proxy settings
2024-11-01 07:10:56,952 [INFO] WebApp:533 - Chromium requires no authentication
2024-11-01 07:10:56,953 [INFO] WebApp:476 - Direct internet connection detected
2024-11-01 07:10:57,168 [INFO] WebApp:220 - Starting web application
2024-11-01 07:10:57,168 [INFO] WebApp:578 - Web application path used /home/athul-muralidhar/st/stm32cubeide_1.15.1/plugins/com.st.stm32cube.common.mx_6.12.1.202409122256/db/plugins/mcufinder/reactClient1/index.html
2024-11-01 07:10:57,305 [INFO] UserAuth:417 - Internet connection configuration mode: 1
2024-11-01 07:10:58,970 [INFO] WebApp:186 - Connection restablished
2024-11-01 07:11:45,310 [ERROR] LogOutputStream:75 - [STDERR_REDIRECT] 
2024-11-01 07:12:19,451 [INFO] Activator:176 - 


2024-11-01 07:12:19,453 [INFO] Activator:177 - !SESSION log4j initialized
2024-11-01 07:12:21,554 [INFO] LogOutputStream:77 - [STDOUT_REDIRECT] 
2024-11-01 07:12:25,489 [INFO] ApplicationProperties:184 - Using Application install path: /home/athul-muralidhar/st/stm32cubeide_1.15.1/plugins/com.st.stm32cube.common.mx_6.12.1.202409122256
2024-11-01 07:12:25,505 [INFO] DbMcusXml:78 - Set database path to: /home/athul-muralidhar/st/stm32cubeide_1.15.1/plugins/com.st.stm32cube.common.mx_6.12.1.202409122256//db//mcu/
2024-11-01 07:12:25,505 [INFO] ApiDb:274 - Set plugin database path to: /home/athul-muralidhar/st/stm32cubeide_1.15.1/plugins/com.st.stm32cube.common.mx_6.12.1.202409122256//db//plugins/boardmanager/
2024-11-01 07:12:25,505 [WARN] ApiDb:259 - Overriding images path with different value:  => /home/athul-muralidhar/st/stm32cubeide_1.15.1/plugins/com.st.stm32cube.common.mx_6.12.1.202409122256//db//plugins/mcufinder/images/
2024-11-01 07:12:25,509 [INFO] ApiDb:250 - Set database path to: /home/athul-muralidhar/.stmcufinder/plugins/mcufinder//mcu/
2024-11-01 07:12:25,510 [INFO] DbMcusAds:125 - Set database path to: /home/athul-muralidhar/.stmcufinder/plugins/mcufinder//mcu/
2024-11-01 07:12:25,511 [INFO] CrossReferenceDbSqlite:203 - Set database path to: /home/athul-muralidhar/.stmcufinder/plugins/mcufinder//mcu/cs/
2024-11-01 07:12:25,603 [INFO] RulesReader:64 - Compatibility file has been processed (297 Rules)
2024-11-01 07:12:25,661 [INFO] DbMcusXml:78 - Set database path to: /home/athul-muralidhar/st/stm32cubeide_1.15.1/plugins/com.st.stm32cube.common.mx_6.12.1.202409122256//db//mcu/
2024-11-01 07:12:25,661 [INFO] ApiDb:274 - Set plugin database path to: /home/athul-muralidhar/st/stm32cubeide_1.15.1/plugins/com.st.stm32cube.common.mx_6.12.1.202409122256//db//plugins/boardmanager/
2024-11-01 07:12:25,661 [INFO] ApiDb:261 - Set plugin images path to: /home/athul-muralidhar/st/stm32cubeide_1.15.1/plugins/com.st.stm32cube.common.mx_6.12.1.202409122256//db//plugins/mcufinder/images/
2024-11-01 07:12:25,661 [WARN] DbFile:41 - Overriding database path with different value: /home/athul-muralidhar/.stmcufinder/plugins/mcufinder/ => /home/athul-muralidhar/.stmcufinder/plugins/mcufinder
2024-11-01 07:12:25,661 [INFO] ApiDb:250 - Set database path to: /home/athul-muralidhar/.stmcufinder/plugins/mcufinder//mcu/
2024-11-01 07:12:25,662 [WARN] DbFile:41 - Overriding database path with different value: /home/athul-muralidhar/.stmcufinder/plugins/mcufinder/ => /home/athul-muralidhar/.stmcufinder/plugins/mcufinder
2024-11-01 07:12:25,662 [INFO] DbMcusAds:125 - Set database path to: /home/athul-muralidhar/.stmcufinder/plugins/mcufinder//mcu/
2024-11-01 07:12:25,662 [WARN] DbFile:41 - Overriding database path with different value: /home/athul-muralidhar/.stmcufinder/plugins/mcufinder/ => /home/athul-muralidhar/.stmcufinder/plugins/mcufinder
2024-11-01 07:12:25,662 [WARN] DbFile:41 - Overriding database path with different value: /home/athul-muralidhar/.stmcufinder/plugins/mcufinder/ => /home/athul-muralidhar/.stmcufinder/plugins/mcufinder
2024-11-01 07:12:25,662 [INFO] CrossReferenceDbSqlite:203 - Set database path to: /home/athul-muralidhar/.stmcufinder/plugins/mcufinder//mcu/cs/
2024-11-01 07:12:25,727 [INFO] MainPanel:268 - HeapMemory: 268435456
2024-11-01 07:12:25,812 [INFO] DbMcusXml:78 - Set database path to: /home/athul-muralidhar/st/stm32cubeide_1.15.1/plugins/com.st.stm32cube.common.mx_6.12.1.202409122256//db//mcu/
2024-11-01 07:12:25,812 [INFO] ApiDb:274 - Set plugin database path to: /home/athul-muralidhar/st/stm32cubeide_1.15.1/plugins/com.st.stm32cube.common.mx_6.12.1.202409122256//db//plugins/boardmanager/
2024-11-01 07:12:25,812 [INFO] ApiDb:261 - Set plugin images path to: /home/athul-muralidhar/st/stm32cubeide_1.15.1/plugins/com.st.stm32cube.common.mx_6.12.1.202409122256//db//plugins/mcufinder/images/
2024-11-01 07:12:25,812 [WARN] DbFile:41 - Overriding database path with different value: /home/athul-muralidhar/.stmcufinder/plugins/mcufinder/ => /home/athul-muralidhar/.stmcufinder/plugins/mcufinder
2024-11-01 07:12:25,812 [INFO] ApiDb:250 - Set database path to: /home/athul-muralidhar/.stmcufinder/plugins/mcufinder//mcu/
2024-11-01 07:12:25,812 [WARN] DbFile:41 - Overriding database path with different value: /home/athul-muralidhar/.stmcufinder/plugins/mcufinder/ => /home/athul-muralidhar/.stmcufinder/plugins/mcufinder
2024-11-01 07:12:25,812 [INFO] DbMcusAds:125 - Set database path to: /home/athul-muralidhar/.stmcufinder/plugins/mcufinder//mcu/
2024-11-01 07:12:25,813 [WARN] DbFile:41 - Overriding database path with different value: /home/athul-muralidhar/.stmcufinder/plugins/mcufinder/ => /home/athul-muralidhar/.stmcufinder/plugins/mcufinder
2024-11-01 07:12:25,813 [WARN] DbFile:41 - Overriding database path with different value: /home/athul-muralidhar/.stmcufinder/plugins/mcufinder/ => /home/athul-muralidhar/.stmcufinder/plugins/mcufinder
2024-11-01 07:12:25,813 [INFO] CrossReferenceDbSqlite:203 - Set database path to: /home/athul-muralidhar/.stmcufinder/plugins/mcufinder//mcu/cs/
2024-11-01 07:12:25,826 [INFO] ApplicationProperties:184 - Using Application install path: /home/athul-muralidhar/st/stm32cubeide_1.15.1/plugins/com.st.stm32cube.common.mx_6.12.1.202409122256
2024-11-01 07:12:25,828 [INFO] PluginManage:196 - Search for loadable plugins [exclusion list=, ]
2024-11-01 07:12:25,828 [INFO] PluginManage:310 - Check plugin analytics
2024-11-01 07:12:25,951 [INFO] AnalyticsPlugin:253 - Accepted Software Licenses: STM32CubeMX.6.11.1
2024-11-01 07:12:25,951 [INFO] AnalyticsPlugin:255 - Accepted CMSIS Pack Licenses: 
2024-11-01 07:12:25,951 [INFO] AnalyticsPlugin:257 - Accepted Firmware Licenses: FW.F4.1.28.0
2024-11-01 07:12:25,954 [INFO] PluginManage:359 - Loaded plugin analytics (category:tool,tabindex:-1)
2024-11-01 07:12:25,955 [INFO] PluginManage:310 - Check plugin cadmodel
2024-11-01 07:12:25,958 [INFO] CADModel:105 - Init CAD model plugin
2024-11-01 07:12:25,958 [INFO] PluginManage:359 - Loaded plugin cadmodel (category:power,tabindex:5)
2024-11-01 07:12:25,959 [INFO] PluginManage:310 - Check plugin clock
2024-11-01 07:12:25,966 [INFO] PluginManage:359 - Loaded plugin clock (category:base,tabindex:2)
2024-11-01 07:12:25,967 [INFO] PluginManage:310 - Check plugin ddr
2024-11-01 07:12:25,969 [INFO] PluginManage:359 - Loaded plugin ddr (category:tool,tabindex:6)
2024-11-01 07:12:25,969 [INFO] PluginManage:310 - Check plugin filemanager
2024-11-01 07:12:26,169 [INFO] PluginManage:359 - Loaded plugin filemanager (category:base,tabindex:10)
2024-11-01 07:12:26,170 [INFO] PluginManage:310 - Check plugin ipmanager
2024-11-01 07:12:26,180 [INFO] PluginManage:359 - Loaded plugin ipmanager (category:base,tabindex:5)
2024-11-01 07:12:26,180 [INFO] PluginManage:310 - Check plugin lpbam
2024-11-01 07:12:26,192 [INFO] PluginManage:359 - Loaded plugin lpbam (category:base,tabindex:0)
2024-11-01 07:12:26,192 [INFO] PluginManage:310 - Check plugin memorymap
2024-11-01 07:12:26,205 [INFO] PluginManage:359 - Loaded plugin memorymap (category:base,tabindex:4)
2024-11-01 07:12:26,206 [INFO] PluginManage:310 - Check plugin pinoutandconfiguration
2024-11-01 07:12:26,214 [INFO] PluginManage:359 - Loaded plugin pinoutandconfiguration (category:base,tabindex:1)
2024-11-01 07:12:26,214 [INFO] PluginManage:310 - Check plugin pinoutconfig
2024-11-01 07:12:26,315 [WARN] SupportedApi:132 - Cannot load RTOS API schema: s4s-elt-must-match.1: The content of 'definitions' must match (annotation?, (simpleType | complexType)?, (unique | key | keyref)*)). A problem was found starting at: attribute.
2024-11-01 07:12:26,458 [INFO] PluginManage:359 - Loaded plugin pinoutconfig (category:base,tabindex:0)
2024-11-01 07:12:26,458 [INFO] PluginManage:310 - Check plugin power
2024-11-01 07:12:26,466 [INFO] PluginManage:359 - Loaded plugin power (category:power,tabindex:4)
2024-11-01 07:12:26,466 [INFO] PluginManage:310 - Check plugin projectmanager
2024-11-01 07:12:26,482 [INFO] PluginManage:359 - Loaded plugin projectmanager (category:projectmanager,tabindex:4)
2024-11-01 07:12:26,483 [INFO] PluginManage:310 - Check plugin rif
2024-11-01 07:12:26,488 [INFO] PluginManage:359 - Loaded plugin rif (category:base,tabindex:3)
2024-11-01 07:12:26,488 [INFO] PluginManage:310 - Check plugin thirdparty
2024-11-01 07:12:26,608 [WARN] IntegrityCheckThread:84 - waiting for thirdparty lock release [integrity check]
2024-11-01 07:12:26,609 [INFO] PluginManage:359 - Loaded plugin thirdparty (category:base,tabindex:-1)
2024-11-01 07:12:26,609 [INFO] IntegrityCheckThread:86 - entering critical section [integrity check]
2024-11-01 07:12:26,609 [INFO] PluginManage:310 - Check plugin tools
2024-11-01 07:12:26,609 [INFO] ThirdPartyUpdaterWithRetryManager:70 - Updater plugin not ready yet. [1/15]
2024-11-01 07:12:26,612 [INFO] PluginManage:359 - Loaded plugin tools (category:base,tabindex:7)
2024-11-01 07:12:26,612 [INFO] PluginManage:310 - Check plugin tutovideos
2024-11-01 07:12:26,801 [INFO] PluginManage:359 - Loaded plugin tutovideos (category:base,tabindex:-1)
2024-11-01 07:12:26,802 [INFO] PluginManage:310 - Check plugin updater
2024-11-01 07:12:26,818 [INFO] PluginManage:359 - Loaded plugin updater (category:base,tabindex:12)
2024-11-01 07:12:26,818 [INFO] PluginManage:310 - Check plugin userauth
2024-11-01 07:12:26,823 [INFO] UserAuth:113 - Init User Auth plugin
2024-11-01 07:12:26,823 [INFO] PluginManage:359 - Loaded plugin userauth (category:base,tabindex:14)
2024-11-01 07:12:26,824 [INFO] PluginManage:283 - PluginManage : Loaded plugins [18]
2024-11-01 07:12:26,956 [INFO] PinOutPanel:1561 - setPackage(No Configuration,No Configuration)
2024-11-01 07:12:27,011 [INFO] CADModel:165 - CPN selected for project level
2024-11-01 07:12:27,011 [INFO] CADModel:114 - Register for checkConnection events
2024-11-01 07:12:27,019 [INFO] IPUIPlugin:80 - create IPUIPlugin
2024-11-01 07:12:27,020 [INFO] PluginManager:220 - loadIPPluginJar : add linkedlist
2024-11-01 07:12:27,021 [INFO] IPUIPlugin:80 - create IPUIPlugin
2024-11-01 07:12:27,022 [INFO] PluginManager:220 - loadIPPluginJar : add fatfs
2024-11-01 07:12:27,023 [INFO] IPUIPlugin:80 - create IPUIPlugin
2024-11-01 07:12:27,023 [INFO] PluginManager:220 - loadIPPluginJar : add tracer_emb
2024-11-01 07:12:27,028 [INFO] IPUIPlugin:80 - create IPUIPlugin
2024-11-01 07:12:27,028 [INFO] PluginManager:220 - loadIPPluginJar : add stm32_wpan
2024-11-01 07:12:27,030 [INFO] IPUIPlugin:80 - create IPUIPlugin
2024-11-01 07:12:27,030 [INFO] PluginManager:220 - loadIPPluginJar : add touchsensing
2024-11-01 07:12:27,031 [INFO] IPUIPlugin:80 - create IPUIPlugin
2024-11-01 07:12:27,031 [INFO] PluginManager:220 - loadIPPluginJar : add i2s
2024-11-01 07:12:27,032 [INFO] IPUIPlugin:80 - create IPUIPlugin
2024-11-01 07:12:27,032 [INFO] PluginManager:220 - loadIPPluginJar : add dfsdm
2024-11-01 07:12:27,034 [INFO] IPUIPlugin:80 - create IPUIPlugin
2024-11-01 07:12:27,034 [INFO] PluginManager:220 - loadIPPluginJar : add resmgrutility
2024-11-01 07:12:27,035 [INFO] IPUIPlugin:80 - create IPUIPlugin
2024-11-01 07:12:27,035 [INFO] PluginManager:220 - loadIPPluginJar : add pdm2pcm
2024-11-01 07:12:27,036 [INFO] IPUIPlugin:80 - create IPUIPlugin
2024-11-01 07:12:27,036 [INFO] PluginManager:220 - loadIPPluginJar : add tim
2024-11-01 07:12:27,037 [INFO] IPUIPlugin:80 - create IPUIPlugin
2024-11-01 07:12:27,037 [INFO] PluginManager:220 - loadIPPluginJar : add lorawan
2024-11-01 07:12:27,040 [INFO] IPUIPlugin:80 - create IPUIPlugin
2024-11-01 07:12:27,040 [INFO] PluginManager:220 - loadIPPluginJar : add fmc
2024-11-01 07:12:27,041 [INFO] IPUIPlugin:80 - create IPUIPlugin
2024-11-01 07:12:27,041 [INFO] PluginManager:220 - loadIPPluginJar : add can
2024-11-01 07:12:27,043 [INFO] IPUIPlugin:80 - create IPUIPlugin
2024-11-01 07:12:27,043 [INFO] PluginManager:220 - loadIPPluginJar : add usbx
2024-11-01 07:12:27,043 [INFO] IPUIPlugin:80 - create IPUIPlugin
2024-11-01 07:12:27,044 [INFO] PluginManager:220 - loadIPPluginJar : add ltdc
2024-11-01 07:12:27,044 [INFO] IPUIPlugin:80 - create IPUIPlugin
2024-11-01 07:12:27,044 [INFO] PluginManager:220 - loadIPPluginJar : add ts
2024-11-01 07:12:27,046 [INFO] IPUIPlugin:80 - create IPUIPlugin
2024-11-01 07:12:27,046 [INFO] PluginManager:220 - loadIPPluginJar : add openamp
2024-11-01 07:12:27,046 [INFO] IPUIPlugin:80 - create IPUIPlugin
2024-11-01 07:12:27,047 [INFO] PluginManager:220 - loadIPPluginJar : add tsc
2024-11-01 07:12:27,048 [INFO] IPUIPlugin:80 - create IPUIPlugin
2024-11-01 07:12:27,048 [INFO] PluginManager:220 - loadIPPluginJar : add i2c
2024-11-01 07:12:27,048 [INFO] IPUIPlugin:80 - create IPUIPlugin
2024-11-01 07:12:27,049 [INFO] PluginManager:220 - loadIPPluginJar : add genericplugin
2024-11-01 07:12:27,049 [INFO] IPUIPlugin:80 - create IPUIPlugin
2024-11-01 07:12:27,050 [INFO] PluginManager:220 - loadIPPluginJar : add spi
2024-11-01 07:12:27,051 [INFO] IPUIPlugin:80 - create IPUIPlugin
2024-11-01 07:12:27,052 [INFO] PluginManager:220 - loadIPPluginJar : add nvic
2024-11-01 07:12:27,053 [INFO] IPUIPlugin:80 - create IPUIPlugin
2024-11-01 07:12:27,053 [INFO] PluginManager:220 - loadIPPluginJar : add ucpd
2024-11-01 07:12:27,057 [INFO] IPUIPlugin:80 - create IPUIPlugin
2024-11-01 07:12:27,057 [INFO] PluginManager:220 - loadIPPluginJar : add gic
2024-11-01 07:12:27,059 [INFO] IPUIPlugin:80 - create IPUIPlugin
2024-11-01 07:12:27,059 [INFO] PluginManager:220 - loadIPPluginJar : add dma3
2024-11-01 07:12:27,060 [INFO] IPUIPlugin:80 - create IPUIPlugin
2024-11-01 07:12:27,061 [INFO] PluginManager:220 - loadIPPluginJar : add radio
2024-11-01 07:12:27,065 [INFO] IPUIPlugin:80 - create IPUIPlugin
2024-11-01 07:12:27,065 [INFO] PluginManager:220 - loadIPPluginJar : add adc
2024-11-01 07:12:27,069 [INFO] IPUIPlugin:80 - create IPUIPlugin
2024-11-01 07:12:27,069 [INFO] PluginManager:220 - loadIPPluginJar : add mdma
2024-11-01 07:12:27,071 [INFO] IPUIPlugin:80 - create IPUIPlugin
2024-11-01 07:12:27,071 [INFO] PluginManager:220 - loadIPPluginJar : add gtzc
2024-11-01 07:12:27,072 [INFO] IPUIPlugin:80 - create IPUIPlugin
2024-11-01 07:12:27,072 [INFO] PluginManager:220 - loadIPPluginJar : add quadspi
2024-11-01 07:12:27,074 [INFO] IPUIPlugin:80 - create IPUIPlugin
2024-11-01 07:12:27,074 [INFO] PluginManager:220 - loadIPPluginJar : add extmemmanager
2024-11-01 07:12:27,075 [INFO] IPUIPlugin:80 - create IPUIPlugin
2024-11-01 07:12:27,075 [INFO] PluginManager:220 - loadIPPluginJar : add usart
2024-11-01 07:12:27,077 [INFO] IPUIPlugin:80 - create IPUIPlugin
2024-11-01 07:12:27,077 [INFO] PluginManager:220 - loadIPPluginJar : add opamp
2024-11-01 07:12:27,079 [INFO] IPUIPlugin:80 - create IPUIPlugin
2024-11-01 07:12:27,079 [INFO] PluginManager:220 - loadIPPluginJar : add i3c
2024-11-01 07:12:27,083 [INFO] IPUIPlugin:80 - create IPUIPlugin
2024-11-01 07:12:27,086 [INFO] PluginManager:220 - loadIPPluginJar : add plateformsettings
2024-11-01 07:12:27,088 [INFO] IPUIPlugin:80 - create IPUIPlugin
2024-11-01 07:12:27,088 [INFO] PluginManager:220 - loadIPPluginJar : add ipddr
2024-11-01 07:12:27,091 [INFO] IPUIPlugin:80 - create IPUIPlugin
2024-11-01 07:12:27,091 [INFO] PluginManager:220 - loadIPPluginJar : add sai
2024-11-01 07:12:27,092 [INFO] IPUIPlugin:80 - create IPUIPlugin
2024-11-01 07:12:27,092 [INFO] PluginManager:220 - loadIPPluginJar : add comp
2024-11-01 07:12:27,094 [INFO] IPUIPlugin:80 - create IPUIPlugin
2024-11-01 07:12:27,094 [INFO] PluginManager:220 - loadIPPluginJar : add hash
2024-11-01 07:12:27,099 [INFO] IPUIPlugin:80 - create IPUIPlugin
2024-11-01 07:12:27,100 [INFO] PluginManager:220 - loadIPPluginJar : add dma
2024-11-01 07:12:27,101 [INFO] IPUIPlugin:80 - create IPUIPlugin
2024-11-01 07:12:27,101 [INFO] PluginManager:220 - loadIPPluginJar : add ddr_ctrl_phy
2024-11-01 07:12:27,103 [INFO] IPUIPlugin:80 - create IPUIPlugin
2024-11-01 07:12:27,103 [INFO] PluginManager:220 - loadIPPluginJar : add aes
2024-11-01 07:12:27,108 [INFO] IPUIPlugin:80 - create IPUIPlugin
2024-11-01 07:12:27,108 [INFO] PluginManager:220 - loadIPPluginJar : add freertos
2024-11-01 07:12:27,111 [INFO] IPUIPlugin:80 - create IPUIPlugin
2024-11-01 07:12:27,112 [INFO] PluginManager:220 - loadIPPluginJar : add gpio
2024-11-01 07:12:27,113 [INFO] IPUIPlugin:80 - create IPUIPlugin
2024-11-01 07:12:27,114 [INFO] PluginManager:220 - loadIPPluginJar : add cryp
2024-11-01 07:12:27,115 [INFO] IPUIPlugin:80 - create IPUIPlugin
2024-11-01 07:12:27,115 [INFO] PluginManager:220 - loadIPPluginJar : add gfxmmu
2024-11-01 07:12:27,221 [INFO] CADModel:165 - CPN selected for project level
2024-11-01 07:12:27,221 [INFO] CADModel:114 - Register for checkConnection events
2024-11-01 07:12:27,221 [FATAL] Updater:334 - Updater called before beeing initialized
2024-11-01 07:12:27,221 [ERROR] CADModel:125 - Updater not yet initialized, retry later 
2024-11-01 07:12:27,314 [INFO] CADModel:165 - CPN selected for project level
2024-11-01 07:12:27,314 [INFO] CADModel:114 - Register for checkConnection events
2024-11-01 07:12:27,314 [FATAL] Updater:334 - Updater called before beeing initialized
2024-11-01 07:12:27,314 [ERROR] CADModel:125 - Updater not yet initialized, retry later 
2024-11-01 07:12:27,316 [FATAL] Updater:334 - Updater called before beeing initialized
2024-11-01 07:12:27,398 [FATAL] Updater:334 - Updater called before beeing initialized
2024-11-01 07:12:27,402 [INFO] DbMcusAds:53 - JSON generation date=Fri Sep 20 15:04:38 CEST 2024 (1726837478367)
2024-11-01 07:12:27,403 [FATAL] Updater:334 - Updater called before beeing initialized
2024-11-01 07:12:27,438 [WARN] DetailPanel:346 - Failed to get advertising image, set to default
2024-11-01 07:12:27,519 [FATAL] Updater:334 - Updater called before beeing initialized
2024-11-01 07:12:27,521 [FATAL] Updater:334 - Updater called before beeing initialized
2024-11-01 07:12:27,521 [FATAL] Updater:334 - Updater called before beeing initialized
2024-11-01 07:12:27,521 [WARN] DetailPanel:346 - Failed to get advertising image, set to default
2024-11-01 07:12:27,522 [FATAL] Updater:334 - Updater called before beeing initialized
2024-11-01 07:12:27,550 [ERROR] Updater:1164 - MainUpdater not yet initialized. External WinMGr cannot be set.
2024-11-01 07:12:27,551 [INFO] Updater:1100 - Updater Version found : 6.12.1
2024-11-01 07:12:27,567 [INFO] ApplicationProperties:184 - Using Application install path: /home/athul-muralidhar/st/stm32cubeide_1.15.1/plugins/com.st.stm32cube.common.mx_6.12.1.202409122256
2024-11-01 07:12:28,209 [INFO] MainUpdater:2873 - connection check result : 10
2024-11-01 07:12:28,210 [INFO] MainUpdater:290 - Updater Check For Update Now.
2024-11-01 07:12:28,210 [INFO] MicroXplorer:498 - Change Database Version : DB.6.0.121
2024-11-01 07:12:28,212 [INFO] McuFinderGlobals:63 - Set McuFinder mode to 2 (CubeIDE integrated)
2024-11-01 07:12:28,213 [INFO] UserAuth:417 - Internet connection configuration mode: 1
2024-11-01 07:12:28,224 [INFO] JxBrowserEngine:152 - Initiate JxBrowser Engine with user profile folder
2024-11-01 07:12:28,391 [INFO] CheckServerUpdateThread:120 - End of CheckServer Thread
2024-11-01 07:12:28,755 [INFO] WebApp:167 - Instantiating new browser for Auth
2024-11-01 07:12:29,386 [INFO] WebApp:448 - Apply proxy settings
2024-11-01 07:12:29,387 [INFO] WebApp:533 - Chromium requires no authentication
2024-11-01 07:12:29,392 [INFO] WebApp:476 - Direct internet connection detected
2024-11-01 07:12:29,407 [INFO] WebApp:869 - Register for checkConnection events
2024-11-01 07:12:29,407 [INFO] WebApp:448 - Apply proxy settings
2024-11-01 07:12:29,408 [INFO] WebApp:533 - Chromium requires no authentication
2024-11-01 07:12:29,408 [INFO] WebApp:476 - Direct internet connection detected
2024-11-01 07:12:29,511 [INFO] WebApp:220 - Starting web application
2024-11-01 07:12:29,511 [INFO] WebApp:578 - Web application path used /home/athul-muralidhar/st/stm32cubeide_1.15.1/plugins/com.st.stm32cube.common.mx_6.12.1.202409122256/db/plugins/mcufinder/reactClient1/index.html
2024-11-01 07:12:29,594 [INFO] UserAuth:417 - Internet connection configuration mode: 1
2024-11-01 07:12:29,707 [WARN] PackLoader:240 - Cannot read IP mode file for STMicroelectronics.FP-SNS-MOTENVWB1.1.4.0
2024-11-01 07:12:29,715 [WARN] PackLoader:240 - Cannot read IP mode file for STMicroelectronics.X-CUBE-SMBUS.2.1.0
2024-11-01 07:12:29,723 [WARN] PackLoader:240 - Cannot read IP mode file for STMicroelectronics.X-CUBE-WB05N.1.1.0
2024-11-01 07:12:29,728 [WARN] PackLoader:240 - Cannot read IP mode file for STMicroelectronics.X-CUBE-TOUCHGFX.4.23.2
2024-11-01 07:12:29,757 [WARN] PackLoader:240 - Cannot read IP mode file for STMicroelectronics.X-CUBE-AZRTOS-F7.1.1.0
2024-11-01 07:12:29,923 [WARN] PackLoader:240 - Cannot read IP mode file for STMicroelectronics.X-CUBE-MEMS1.11.0.0
2024-11-01 07:12:30,156 [WARN] PackLoader:240 - Cannot read IP mode file for STMicroelectronics.FP-SNS-FLIGHT1.5.0.2
2024-11-01 07:12:30,172 [WARN] PackLoader:240 - Cannot read IP mode file for STMicroelectronics.X-CUBE-DISPLAY.3.0.0
2024-11-01 07:12:30,188 [WARN] PackLoader:240 - Cannot read IP mode file for STMicroelectronics.X-CUBE-BLE1.7.0.0
2024-11-01 07:12:30,204 [WARN] PackLoader:240 - Cannot read IP mode file for STMicroelectronics.X-CUBE-NFC10.1.0.0
2024-11-01 07:12:30,217 [WARN] PackLoader:240 - Cannot read IP mode file for emotas.I-CUBE-CANOPEN.1.3.0
2024-11-01 07:12:30,263 [WARN] PackLoader:240 - Cannot read IP mode file for STMicroelectronics.X-CUBE-BLEMGR.3.1.0
2024-11-01 07:12:30,288 [WARN] PackLoader:240 - Cannot read IP mode file for STMicroelectronics.FP-SNS-SMARTAG2.1.2.0
2024-11-01 07:12:30,306 [INFO] LogOutputStream:77 - [STDOUT_REDIRECT] 1 : Invalid condition id : UX_CORESTACK_Condition cause : null
2024-11-01 07:12:30,307 [INFO] LogOutputStream:77 - [STDOUT_REDIRECT] 1 : Invalid condition id : UX_CORESTACK_Condition cause : null
2024-11-01 07:12:30,308 [INFO] LogOutputStream:77 - [STDOUT_REDIRECT] 1 : Invalid condition id : UX_CORESTACK_Condition cause : null
2024-11-01 07:12:30,311 [INFO] LogOutputStream:77 - [STDOUT_REDIRECT] 1 : Invalid condition id : UX_CORESTACK_Condition cause : null
2024-11-01 07:12:30,312 [INFO] LogOutputStream:77 - [STDOUT_REDIRECT] 1 : Invalid condition id : UX_CORESTACK_Condition cause : null
2024-11-01 07:12:30,325 [WARN] PackLoader:240 - Cannot read IP mode file for STMicroelectronics.X-CUBE-AZRTOS-WL.2.0.0
2024-11-01 07:12:30,336 [WARN] PackLoader:240 - Cannot read IP mode file for STMicroelectronics.FP-SNS-MOTENV1.5.0.0
2024-11-01 07:12:30,344 [WARN] PackLoader:240 - Cannot read IP mode file for wolfSSL.I-CUBE-wolfMQTT.1.19.0
2024-11-01 07:12:30,361 [WARN] PackLoader:240 - Cannot read IP mode file for WES.I-CUBE-Cesium.1.3.0
2024-11-01 07:12:30,376 [WARN] PackLoader:240 - Cannot read IP mode file for STMicroelectronics.X-CUBE-BLE2.3.3.0
2024-11-01 07:12:30,389 [WARN] PackLoader:240 - Cannot read IP mode file for STMicroelectronics.X-CUBE-NFC9.1.0.0
2024-11-01 07:12:30,402 [WARN] PackLoader:240 - Cannot read IP mode file for STMicroelectronics.X-CUBE-TCPP.4.1.0
2024-11-01 07:12:30,433 [WARN] PackLoader:240 - Cannot read IP mode file for STMicroelectronics.X-CUBE-AZRTOS-G0.1.1.0
2024-11-01 07:12:30,447 [WARN] PackLoader:240 - Cannot read IP mode file for STMicroelectronics.X-CUBE-SAFEA1.1.2.2
2024-11-01 07:12:30,457 [WARN] PackLoader:240 - Cannot read IP mode file for STMicroelectronics.X-CUBE-NFC4.3.0.0
2024-11-01 07:12:30,470 [INFO] WebApp:186 - Connection restablished
2024-11-01 07:12:30,477 [WARN] PackLoader:240 - Cannot read IP mode file for EmbeddedOffice.I-CUBE-FS-RTOS.1.0.1
2024-11-01 07:12:30,478 [ERROR] ConditionMgr:805 - Attr not supported : Dmpu
2024-11-01 07:12:30,478 [ERROR] ConditionMgr:805 - Attr not supported : Dmpu
2024-11-01 07:12:30,478 [ERROR] ConditionMgr:805 - Attr not supported : Dmpu
2024-11-01 07:12:30,479 [ERROR] ConditionMgr:805 - Attr not supported : Dmpu
2024-11-01 07:12:30,479 [ERROR] ConditionMgr:805 - Attr not supported : Dmpu
2024-11-01 07:12:30,479 [ERROR] ConditionMgr:805 - Attr not supported : Dmpu
2024-11-01 07:12:30,479 [ERROR] ConditionMgr:805 - Attr not supported : Dmpu
2024-11-01 07:12:30,479 [ERROR] ConditionMgr:805 - Attr not supported : Dmpu
2024-11-01 07:12:30,479 [ERROR] ConditionMgr:805 - Attr not supported : Dmpu
2024-11-01 07:12:30,479 [ERROR] ConditionMgr:805 - Attr not supported : Dmpu
2024-11-01 07:12:30,480 [ERROR] ConditionMgr:805 - Attr not supported : Dmpu
2024-11-01 07:12:30,480 [ERROR] ConditionMgr:805 - Attr not supported : Dmpu
2024-11-01 07:12:30,480 [ERROR] ConditionMgr:805 - Attr not supported : Dmpu
2024-11-01 07:12:30,480 [ERROR] ConditionMgr:805 - Attr not supported : Dmpu
2024-11-01 07:12:30,480 [ERROR] ConditionMgr:805 - Attr not supported : Dmpu
2024-11-01 07:12:30,481 [ERROR] ConditionMgr:805 - Attr not supported : Dmpu
2024-11-01 07:12:30,481 [ERROR] ConditionMgr:805 - Attr not supported : Dmpu
2024-11-01 07:12:30,481 [ERROR] ConditionMgr:805 - Attr not supported : Dmpu
2024-11-01 07:12:30,481 [ERROR] ConditionMgr:805 - Attr not supported : Dmpu
2024-11-01 07:12:30,482 [ERROR] ConditionMgr:805 - Attr not supported : Dmpu
2024-11-01 07:12:30,482 [ERROR] ConditionMgr:805 - Attr not supported : Dmpu
2024-11-01 07:12:30,482 [ERROR] ConditionMgr:805 - Attr not supported : Dmpu
2024-11-01 07:12:30,482 [ERROR] ConditionMgr:805 - Attr not supported : Dmpu
2024-11-01 07:12:30,482 [ERROR] ConditionMgr:805 - Attr not supported : Dmpu
2024-11-01 07:12:30,483 [ERROR] ConditionMgr:805 - Attr not supported : Dmpu
2024-11-01 07:12:30,483 [ERROR] ConditionMgr:805 - Attr not supported : Dmpu
2024-11-01 07:12:30,483 [ERROR] ConditionMgr:805 - Attr not supported : Dmpu
2024-11-01 07:12:30,483 [ERROR] ConditionMgr:805 - Attr not supported : Dmpu
2024-11-01 07:12:30,483 [ERROR] ConditionMgr:805 - Attr not supported : Dmpu
2024-11-01 07:12:30,483 [ERROR] ConditionMgr:805 - Attr not supported : Dmpu
2024-11-01 07:12:30,484 [ERROR] ConditionMgr:805 - Attr not supported : Dmpu
2024-11-01 07:12:30,484 [ERROR] ConditionMgr:805 - Attr not supported : Dmpu
2024-11-01 07:12:30,484 [ERROR] ConditionMgr:805 - Attr not supported : Dmpu
2024-11-01 07:12:30,484 [ERROR] ConditionMgr:805 - Attr not supported : Dmpu
2024-11-01 07:12:30,484 [ERROR] ConditionMgr:805 - Attr not supported : Dmpu
2024-11-01 07:12:30,484 [ERROR] ConditionMgr:805 - Attr not supported : Dmpu
2024-11-01 07:12:30,484 [ERROR] ConditionMgr:805 - Attr not supported : Dmpu
2024-11-01 07:12:30,484 [ERROR] ConditionMgr:805 - Attr not supported : Dmpu
2024-11-01 07:12:30,484 [ERROR] ConditionMgr:805 - Attr not supported : Dmpu
2024-11-01 07:12:30,485 [ERROR] ConditionMgr:805 - Attr not supported : Dmpu
2024-11-01 07:12:30,485 [ERROR] ConditionMgr:805 - Attr not supported : Dmpu
2024-11-01 07:12:30,485 [ERROR] ConditionMgr:805 - Attr not supported : Dmpu
2024-11-01 07:12:30,485 [ERROR] ConditionMgr:805 - Attr not supported : Dmpu
2024-11-01 07:12:30,485 [ERROR] ConditionMgr:805 - Attr not supported : Dmpu
2024-11-01 07:12:30,485 [ERROR] ConditionMgr:805 - Attr not supported : Dmpu
2024-11-01 07:12:30,485 [ERROR] ConditionMgr:805 - Attr not supported : Dmpu
2024-11-01 07:12:30,485 [ERROR] ConditionMgr:805 - Attr not supported : Dmpu
2024-11-01 07:12:30,485 [ERROR] ConditionMgr:805 - Attr not supported : Dmpu
2024-11-01 07:12:30,486 [ERROR] ConditionMgr:805 - Attr not supported : Dmpu
2024-11-01 07:12:30,486 [ERROR] ConditionMgr:805 - Attr not supported : Dmpu
2024-11-01 07:12:30,486 [ERROR] ConditionMgr:805 - Attr not supported : Dmpu
2024-11-01 07:12:30,486 [ERROR] ConditionMgr:805 - Attr not supported : Dmpu
2024-11-01 07:12:30,486 [ERROR] ConditionMgr:805 - Attr not supported : Dmpu
2024-11-01 07:12:30,486 [ERROR] ConditionMgr:805 - Attr not supported : Dmpu
2024-11-01 07:12:30,486 [ERROR] ConditionMgr:805 - Attr not supported : Dmpu
2024-11-01 07:12:30,486 [ERROR] ConditionMgr:805 - Attr not supported : Dmpu
2024-11-01 07:12:30,486 [ERROR] ConditionMgr:805 - Attr not supported : Dmpu
2024-11-01 07:12:30,487 [ERROR] ConditionMgr:805 - Attr not supported : Dmpu
2024-11-01 07:12:30,487 [ERROR] ConditionMgr:805 - Attr not supported : Dmpu
2024-11-01 07:12:30,487 [ERROR] ConditionMgr:805 - Attr not supported : Dmpu
2024-11-01 07:12:30,487 [ERROR] ConditionMgr:805 - Attr not supported : Dmpu
2024-11-01 07:12:30,487 [ERROR] ConditionMgr:805 - Attr not supported : Dmpu
2024-11-01 07:12:30,487 [ERROR] ConditionMgr:805 - Attr not supported : Dmpu
2024-11-01 07:12:30,487 [ERROR] ConditionMgr:805 - Attr not supported : Dmpu
2024-11-01 07:12:30,493 [WARN] PackLoader:240 - Cannot read IP mode file for RealThread.X-CUBE-RT-Thread_Nano.4.1.1
2024-11-01 07:12:30,498 [WARN] PackLoader:240 - Cannot read IP mode file for wolfSSL.I-CUBE-wolfSSL.5.7.0
2024-11-01 07:12:30,503 [WARN] PackLoader:240 - Cannot read IP mode file for STMicroelectronics.FP-ATR-SIGFOX1.3.2.0
2024-11-01 07:12:30,515 [WARN] PackLoader:240 - Cannot read IP mode file for STMicroelectronics.X-CUBE-EEPRMA1.5.1.0
2024-11-01 07:12:30,523 [WARN] PackLoader:240 - Cannot read IP mode file for ITTIA_DB.I-CUBE-ITTIADB.8.9.0
2024-11-01 07:12:30,562 [WARN] PackLoader:240 - Cannot read IP mode file for SEGGER.I-CUBE-embOS.1.3.1
2024-11-01 07:12:30,649 [WARN] PackLoader:240 - Cannot read IP mode file for STMicroelectronics.X-CUBE-ALGOBUILD.1.4.0
2024-11-01 07:12:30,655 [WARN] PackLoader:240 - Cannot read IP mode file for STMicroelectronics.X-CUBE-AI.9.1.0
2024-11-01 07:12:30,663 [WARN] PackLoader:240 - Cannot read IP mode file for STMicroelectronics.X-CUBE-GNSS1.6.0.0
2024-11-01 07:12:30,694 [WARN] PackLoader:240 - Cannot read IP mode file for STMicroelectronics.X-CUBE-AZRTOS-F4.1.1.0
2024-11-01 07:12:30,704 [WARN] PackLoader:240 - Cannot read IP mode file for STMicroelectronics.X-CUBE-ISPU.2.1.0
2024-11-01 07:12:30,712 [WARN] PackLoader:240 - Cannot read IP mode file for STMicroelectronics.X-CUBE-FREERTOS.1.2.0
2024-11-01 07:12:30,739 [WARN] PackLoader:240 - Cannot read IP mode file for STMicroelectronics.X-CUBE-AZRTOS-L5.2.0.0
2024-11-01 07:12:30,755 [WARN] PackLoader:240 - Cannot read IP mode file for STMicroelectronics.X-CUBE-NFC6.3.1.0
2024-11-01 07:12:30,766 [WARN] PackLoader:240 - Cannot read IP mode file for STMicroelectronics.X-CUBE-DPower.1.2.0
2024-11-01 07:12:30,777 [WARN] PackLoader:240 - Cannot read IP mode file for STMicroelectronics.X-CUBE-AI.9.0.0
2024-11-01 07:12:30,783 [WARN] PackLoader:240 - Cannot read IP mode file for STMicroelectronics.X-CUBE-NFC7.1.0.1
2024-11-01 07:12:30,788 [WARN] PackLoader:240 - Cannot read IP mode file for wolfSSL.I-CUBE-wolfTPM.3.2.0
2024-11-01 07:12:30,808 [WARN] ConditionMgr:438 - getConditionDescription Invalid condition id : LAN8742 Phy interface Condition cause : null
2024-11-01 07:12:30,808 [WARN] PackLoader:240 - Cannot read IP mode file for STMicroelectronics.X-CUBE-AZRTOS-L4.2.0.0
2024-11-01 07:12:30,810 [WARN] ConditionMgr:1039 - genDependencies : Invalid condition id : LAN8742 Phy interface Condition cause : null
2024-11-01 07:12:30,810 [WARN] ConditionMgr:1039 - genDependencies : Invalid condition id : LAN8742 Phy interface Condition cause : null
2024-11-01 07:12:30,812 [WARN] ConditionMgr:1039 - genDependencies : Invalid condition id : LAN8742 Phy interface Condition cause : null
2024-11-01 07:12:30,822 [WARN] PackLoader:240 - Cannot read IP mode file for STMicroelectronics.X-CUBE-SFXS2LP1.4.0.0
2024-11-01 07:12:30,853 [WARN] PackLoader:240 - Cannot read IP mode file for STMicroelectronics.X-CUBE-AZRTOS-H7.3.3.0
2024-11-01 07:12:30,876 [WARN] PackLoader:240 - Cannot read IP mode file for STMicroelectronics.X-CUBE-IPS.3.0.0
2024-11-01 07:12:30,902 [WARN] ConditionMgr:438 - getConditionDescription Invalid condition id : UX DEVICE CLASS RTOS Condition cause : null
2024-11-01 07:12:30,903 [WARN] ConditionMgr:438 - getConditionDescription Invalid condition id : UX DEVICE CLASS RTOS Condition cause : null
2024-11-01 07:12:30,907 [WARN] PackLoader:240 - Cannot read IP mode file for STMicroelectronics.X-CUBE-AZRTOS-WB.2.0.0
2024-11-01 07:12:30,908 [WARN] ConditionMgr:1039 - genDependencies : Invalid condition id : UX DEVICE CLASS RTOS Condition cause : null
2024-11-01 07:12:30,908 [WARN] ConditionMgr:1039 - genDependencies : Invalid condition id : UX DEVICE CLASS RTOS Condition cause : null
2024-11-01 07:12:30,909 [WARN] ConditionMgr:1039 - genDependencies : Invalid condition id : UX DEVICE CLASS RTOS Condition cause : null
2024-11-01 07:12:30,909 [WARN] ConditionMgr:1039 - genDependencies : Invalid condition id : UX DEVICE CLASS RTOS Condition cause : null
2024-11-01 07:12:30,909 [WARN] ConditionMgr:1039 - genDependencies : Invalid condition id : UX DEVICE CLASS RTOS Condition cause : null
2024-11-01 07:12:30,917 [WARN] PackLoader:240 - Cannot read IP mode file for STMicroelectronics.X-CUBE-GNSS1.7.0.0
2024-11-01 07:12:30,927 [WARN] PackLoader:240 - Cannot read IP mode file for STMicroelectronics.FP-SNS-STBOX1.2.0.0
2024-11-01 07:12:30,947 [WARN] PackLoader:240 - Cannot read IP mode file for STMicroelectronics.X-CUBE-SUBG2.5.0.0
2024-11-01 07:12:30,960 [WARN] PackLoader:240 - Cannot read IP mode file for Cesanta.I-CUBE-Mongoose.7.13.0
2024-11-01 07:12:30,983 [WARN] PackLoader:240 - Cannot read IP mode file for STMicroelectronics.X-CUBE-AZRTOS-G4.2.0.0
2024-11-01 07:12:30,992 [WARN] PackLoader:240 - Cannot read IP mode file for STMicroelectronics.X-CUBE-ISPU.2.0.0
2024-11-01 07:12:30,998 [WARN] PackLoader:240 - Cannot read IP mode file for STMicroelectronics.X-CUBE-ALS.1.0.2
2024-11-01 07:12:31,070 [WARN] PackLoader:240 - Cannot read IP mode file for STMicroelectronics.X-CUBE-MEMS1.10.0.0
2024-11-01 07:12:31,307 [WARN] PackLoader:240 - Cannot read IP mode file for STMicroelectronics.X-CUBE-TOUCHGFX.4.24.0
2024-11-01 07:12:31,311 [WARN] PackLoader:240 - Cannot read IP mode file for STMicroelectronics.X-CUBE-TOUCHGFX.4.24.1
2024-11-01 07:12:31,317 [WARN] PackLoader:240 - Cannot read IP mode file for portGmbH.I-Cube-SoM-uGOAL.1.1.0
2024-11-01 07:12:31,322 [WARN] PackLoader:240 - Cannot read IP mode file for STMicroelectronics.X-CUBE-ALS.1.0.1
2024-11-01 07:12:31,347 [WARN] PackLoader:240 - Cannot read IP mode file for STMicroelectronics.X-CUBE-AZRTOS-H7RS.1.0.0
2024-11-01 07:12:31,356 [WARN] PackLoader:240 - Cannot read IP mode file for STMicroelectronics.FP-ATR-ASTRA1.2.0.0
2024-11-01 07:12:31,372 [WARN] PackLoader:240 - Cannot read IP mode file for STMicroelectronics.X-CUBE-TOF1.3.4.2
2024-11-01 07:12:31,406 [WARN] PackLoader:240 - Cannot read IP mode file for STMicroelectronics.X-CUBE-TOF1.3.4.1
2024-11-01 07:12:31,449 [WARN] PackLoader:240 - Cannot read IP mode file for STMicroelectronics.X-CUBE-AZRTOS-H7.3.2.0
2024-11-01 07:12:31,479 [WARN] PackLoader:240 - Cannot read IP mode file for Infineon.AIROC-Wi-Fi-Bluetooth-STM32.1.6.0
2024-11-01 07:12:31,488 [WARN] PackLoader:240 - Cannot read IP mode file for wolfSSL.I-CUBE-wolfSSH.1.4.17
2024-11-01 07:12:31,489 [INFO] ThirdParty:978 - Integrity check success = true
2024-11-01 07:12:31,489 [INFO] IntegrityCheckThread:100 - exiting critical section [integrity check]
2024-11-01 07:12:31,489 [INFO] IntegrityCheckThread:103 - End integrity checks thread
2024-11-01 07:12:32,697 [ERROR] LogOutputStream:75 - [STDERR_REDIRECT] 
